d:\fitd\build\vs2026\fitd\fitd.dir\release\fitd.obj
d:\fitd\build\vs2026\fitd\cmakefiles\generate.stamp
d:\fitd\build\vs2026\fitd\fitd.dir\release\tatou.res
d:\fitd\build\vs2026\fitd\release\tatou.lib
d:\fitd\build\vs2026\fitd\release\tatou.exp
d:\fitd\build\vs2026\fitd\fitd.dir\release\fitd.tlog\cl.command.1.tlog
d:\fitd\build\vs2026\fitd\fitd.dir\release\fitd.tlog\cl.items.tlog
d:\fitd\build\vs2026\fitd\fitd.dir\release\fitd.tlog\cl.read.1.tlog
d:\fitd\build\vs2026\fitd\fitd.dir\release\fitd.tlog\cl.write.1.tlog
d:\fitd\build\vs2026\fitd\fitd.dir\release\fitd.tlog\custombuild.command.1.tlog
d:\fitd\build\vs2026\fitd\fitd.dir\release\fitd.tlog\custombuild.read.1.tlog
d:\fitd\build\vs2026\fitd\fitd.dir\release\fitd.tlog\custombuild.write.1.tlog
d:\fitd\build\vs2026\fitd\fitd.dir\release\fitd.tlog\link-cvtres.read.1.tlog
d:\fitd\build\vs2026\fitd\fitd.dir\release\fitd.tlog\link-cvtres.write.1.tlog
d:\fitd\build\vs2026\fitd\fitd.dir\release\fitd.tlog\link-rc.read.1.tlog
d:\fitd\build\vs2026\fitd\fitd.dir\release\fitd.tlog\link-rc.write.1.tlog
d:\fitd\build\vs2026\fitd\fitd.dir\release\fitd.tlog\link.command.1.tlog
d:\fitd\build\vs2026\fitd\fitd.dir\release\fitd.tlog\link.read.1.tlog
d:\fitd\build\vs2026\fitd\fitd.dir\release\fitd.tlog\link.secondary.1.tlog
d:\fitd\build\vs2026\fitd\fitd.dir\release\fitd.tlog\link.write.1.tlog
d:\fitd\build\vs2026\fitd\fitd.dir\release\fitd.tlog\rc.command.1.tlog
d:\fitd\build\vs2026\fitd\fitd.dir\release\fitd.tlog\rc.read.1.tlog
d:\fitd\build\vs2026\fitd\fitd.dir\release\fitd.tlog\rc.write.1.tlog
