d:\fitd\build\vs2026\zlib\zlib-build\zlibstatic.dir\release\zutil.obj
d:\fitd\build\vs2026\zlib\zlib-build\zlibstatic.dir\release\uncompr.obj
d:\fitd\build\vs2026\zlib\zlib-build\zlibstatic.dir\release\trees.obj
d:\fitd\build\vs2026\zlib\zlib-build\zlibstatic.dir\release\inffast.obj
d:\fitd\build\vs2026\zlib\zlib-build\zlibstatic.dir\release\inftrees.obj
d:\fitd\build\vs2026\zlib\zlib-build\zlibstatic.dir\release\infback.obj
d:\fitd\build\vs2026\zlib\zlib-build\zlibstatic.dir\release\inflate.obj
d:\fitd\build\vs2026\zlib\zlib-build\zlibstatic.dir\release\gzwrite.obj
d:\fitd\build\vs2026\zlib\zlib-build\zlibstatic.dir\release\gzread.obj
d:\fitd\build\vs2026\zlib\zlib-build\zlibstatic.dir\release\gzlib.obj
d:\fitd\build\vs2026\zlib\zlib-build\zlibstatic.dir\release\gzclose.obj
d:\fitd\build\vs2026\zlib\zlib-build\zlibstatic.dir\release\deflate.obj
d:\fitd\build\vs2026\zlib\zlib-build\zlibstatic.dir\release\crc32.obj
d:\fitd\build\vs2026\zlib\zlib-build\zlibstatic.dir\release\compress.obj
d:\fitd\build\vs2026\zlib\zlib-build\zlibstatic.dir\release\adler32.obj
d:\fitd\build\vs2026\zlib\zlib-build\cmakefiles\generate.stamp
d:\fitd\build\vs2026\zlib\zlib-build\release\zlibstatic.lib
d:\fitd\build\vs2026\zlib\zlib-build\zlibstatic.dir\release\zlibstatic.tlog\cl.command.1.tlog
d:\fitd\build\vs2026\zlib\zlib-build\zlibstatic.dir\release\zlibstatic.tlog\cl.items.tlog
d:\fitd\build\vs2026\zlib\zlib-build\zlibstatic.dir\release\zlibstatic.tlog\cl.read.1.tlog
d:\fitd\build\vs2026\zlib\zlib-build\zlibstatic.dir\release\zlibstatic.tlog\cl.write.1.tlog
d:\fitd\build\vs2026\zlib\zlib-build\zlibstatic.dir\release\zlibstatic.tlog\custombuild.command.1.tlog
d:\fitd\build\vs2026\zlib\zlib-build\zlibstatic.dir\release\zlibstatic.tlog\custombuild.read.1.tlog
d:\fitd\build\vs2026\zlib\zlib-build\zlibstatic.dir\release\zlibstatic.tlog\custombuild.write.1.tlog
d:\fitd\build\vs2026\zlib\zlib-build\zlibstatic.dir\release\zlibstatic.tlog\lib-link.read.1.tlog
d:\fitd\build\vs2026\zlib\zlib-build\zlibstatic.dir\release\zlibstatic.tlog\lib-link.write.1.tlog
d:\fitd\build\vs2026\zlib\zlib-build\zlibstatic.dir\release\zlibstatic.tlog\lib.command.1.tlog
